{
  "file": "C:/Users/emrem/OneDrive/Masaüstü/gin/gin-api/gin-gonic-learn/logrus-emre/logrus.go:51",
  "func": "main.main",
  "level": "trace",
  "msg": "Trace",
  "time": "2023-08-26T20:29:34+03:00"
}
{
  "file": "C:/Users/emrem/OneDrive/Masaüstü/gin/gin-api/gin-gonic-learn/logrus-emre/logrus.go:52",
  "func": "main.main",
  "level": "debug",
  "msg": "Debug",
  "time": "2023-08-26T20:29:34+03:00"
}
{
  "file": "C:/Users/emrem/OneDrive/Masaüstü/gin/gin-api/gin-gonic-learn/logrus-emre/logrus.go:53",
  "func": "main.main",
  "level": "warning",
  "msg": "Warn",
  "time": "2023-08-26T20:29:34+03:00"
}
{
  "file": "C:/Users/emrem/OneDrive/Masaüstü/gin/gin-api/gin-gonic-learn/logrus-emre/logrus.go:54",
  "func": "main.main",
  "level": "error",
  "msg": "Error",
  "time": "2023-08-26T20:29:34+03:00"
}
